The data file uses the same format of LAMMPS.The unit is LAMMPS metal unit.
The default bond length is the bond length in pymatgen with bond order one.
The default cutting distance for neighbors is 1.1 times of the bond lengths!
The default coordination number is 4.
Seakmc start ...
Successfully loading input and structure ...
istep KMC: 0
There are 2 defects before the point defect reduction.
The ground energy is -7993.279 eV at 0 KMC step!
There are 2 defects (active volumes) in data at 0 KMC step!
The fractional coords of the defect center are [0.475 0.475 0.5  ] at 0 KMC step!

ActVol ID: 0 nactive:175 nbuffer:270 nfixed:1506
AV center fractional coords: (0.95, 0.95, 0.90008)
idav:0, idsps: 0,  ntrans: 214,  barrier:-29.952,  ebias: -30.603
      dmag:1.15, dmagFin:1.772, isConnect: False
      Valid SPs: 1, num of SPs:1, time: 12.649 s
-----------------------------------------------------------------
Total time for 0 active volume: 12.805 s
-----------------------------------------------------------------
ActVol ID: 1 nactive:170 nbuffer:290 nfixed:1478
AV center fractional coords: (0.0, 0.0, 0.1)